04:45:38:217 [main] INFO  l.i.g.GreenShadowPvtLtdBackendApplication - Starting GreenShadowPvtLtdBackendApplication using Java 21.0.4 with PID 2192 (C:\Users\malsh\OneDrive\Documents\1st-sem-final-GDSE\1st-sem-final-GDSE\Green_Shadow_Pvt_Ltd-Backend\target\classes started by Kavindu Malshan in C:\Users\malsh\OneDrive\Documents\1st-sem-final-GDSE\1st-sem-final-GDSE\Green_Shadow_Pvt_Ltd-Backend)
04:45:38:219 [main] INFO  l.i.g.GreenShadowPvtLtdBackendApplication - No active profile set, falling back to 1 default profile: "default"
04:45:43:099 [main] INFO  l.i.g.GreenShadowPvtLtdBackendApplication - Started GreenShadowPvtLtdBackendApplication in 5.3 seconds (process running for 6.547)
04:46:44:744 [http-nio-8080-exec-6] INFO  l.i.g.controller.AuthController - User saved successfully: UserDTO(email=kavindu1125@gmail.com, password=$2a$10$biYk.kbEmKyDT/ZFL1bAKeonlE1bYpLGl/VBRUS4a8yLwaKaB1Wt2, role=MANAGER)
04:48:47:182 [http-nio-8080-exec-5] INFO  l.i.g.controller.AuthController - User signed in successfully: SignIn(email=kavindu1125@gmail.com, password=12345)
04:49:33:195 [http-nio-8080-exec-3] ERROR o.a.c.c.C.[.[.[.[dispatcherServlet] - Servlet.service() for servlet [dispatcherServlet] in context with path [/greenShadowPvtLtd] threw exception
io.jsonwebtoken.ExpiredJwtException: JWT expired 2566195 milliseconds ago at 2024-12-06T22:36:47.000Z. Current time: 2024-12-06T23:19:33.195Z. Allowed clock skew: 0 milliseconds.
	at io.jsonwebtoken.impl.DefaultJwtParser.parse(DefaultJwtParser.java:691)
	at io.jsonwebtoken.impl.DefaultJwtParser.parse(DefaultJwtParser.java:364)
	at io.jsonwebtoken.impl.DefaultJwtParser.parse(DefaultJwtParser.java:94)
	at io.jsonwebtoken.impl.io.AbstractParser.parse(AbstractParser.java:36)
	at io.jsonwebtoken.impl.io.AbstractParser.parse(AbstractParser.java:29)
	at io.jsonwebtoken.impl.DefaultJwtParser.parseSignedClaims(DefaultJwtParser.java:830)
	at io.jsonwebtoken.impl.DefaultJwtParser.parseClaimsJws(DefaultJwtParser.java:806)
	at lk.ijse.green_shadow_pvt_ltdbackend.service.impl.JWTServiceIMPL.getAllClaims(JWTServiceIMPL.java:84)
	at lk.ijse.green_shadow_pvt_ltdbackend.service.impl.JWTServiceIMPL.extractClaim(JWTServiceIMPL.java:51)
	at lk.ijse.green_shadow_pvt_ltdbackend.service.impl.JWTServiceIMPL.extractUsername(JWTServiceIMPL.java:26)
	at lk.ijse.green_shadow_pvt_ltdbackend.config.JWTConfig.doFilterInternal(JWTConfig.java:40)
	at org.springframework.web.filter.OncePerRequestFilter.doFilter(OncePerRequestFilter.java:116)
	at org.springframework.security.web.FilterChainProxy$VirtualFilterChain.doFilter(FilterChainProxy.java:374)
	at org.springframework.security.web.authentication.logout.LogoutFilter.doFilter(LogoutFilter.java:107)
	at org.springframework.security.web.authentication.logout.LogoutFilter.doFilter(LogoutFilter.java:93)
	at org.springframework.security.web.FilterChainProxy$VirtualFilterChain.doFilter(FilterChainProxy.java:374)
	at org.springframework.web.filter.CorsFilter.doFilterInternal(CorsFilter.java:91)
	at org.springframework.web.filter.OncePerRequestFilter.doFilter(OncePerRequestFilter.java:116)
	at org.springframework.security.web.FilterChainProxy$VirtualFilterChain.doFilter(FilterChainProxy.java:374)
	at org.springframework.security.web.header.HeaderWriterFilter.doHeadersAfter(HeaderWriterFilter.java:90)
	at org.springframework.security.web.header.HeaderWriterFilter.doFilterInternal(HeaderWriterFilter.java:75)
	at org.springframework.web.filter.OncePerRequestFilter.doFilter(OncePerRequestFilter.java:116)
	at org.springframework.security.web.FilterChainProxy$VirtualFilterChain.doFilter(FilterChainProxy.java:374)
	at org.springframework.security.web.context.SecurityContextHolderFilter.doFilter(SecurityContextHolderFilter.java:82)
	at org.springframework.security.web.context.SecurityContextHolderFilter.doFilter(SecurityContextHolderFilter.java:69)
	at org.springframework.security.web.FilterChainProxy$VirtualFilterChain.doFilter(FilterChainProxy.java:374)
	at org.springframework.security.web.context.request.async.WebAsyncManagerIntegrationFilter.doFilterInternal(WebAsyncManagerIntegrationFilter.java:62)
	at org.springframework.web.filter.OncePerRequestFilter.doFilter(OncePerRequestFilter.java:116)
	at org.springframework.security.web.FilterChainProxy$VirtualFilterChain.doFilter(FilterChainProxy.java:374)
	at org.springframework.security.web.session.DisableEncodeUrlFilter.doFilterInternal(DisableEncodeUrlFilter.java:42)
	at org.springframework.web.filter.OncePerRequestFilter.doFilter(OncePerRequestFilter.java:116)
	at org.springframework.security.web.FilterChainProxy$VirtualFilterChain.doFilter(FilterChainProxy.java:374)
	at org.springframework.security.web.FilterChainProxy.doFilterInternal(FilterChainProxy.java:233)
	at org.springframework.security.web.FilterChainProxy.doFilter(FilterChainProxy.java:191)
	at org.springframework.web.filter.CompositeFilter$VirtualFilterChain.doFilter(CompositeFilter.java:113)
	at org.springframework.web.servlet.handler.HandlerMappingIntrospector.lambda$createCacheFilter$3(HandlerMappingIntrospector.java:195)
	at org.springframework.web.filter.CompositeFilter$VirtualFilterChain.doFilter(CompositeFilter.java:113)
	at org.springframework.web.filter.CompositeFilter.doFilter(CompositeFilter.java:74)
	at org.springframework.security.config.annotation.web.configuration.WebMvcSecurityConfiguration$CompositeFilterChainProxy.doFilter(WebMvcSecurityConfiguration.java:230)
	at org.springframework.web.filter.DelegatingFilterProxy.invokeDelegate(DelegatingFilterProxy.java:362)
	at org.springframework.web.filter.DelegatingFilterProxy.doFilter(DelegatingFilterProxy.java:278)
	at org.apache.catalina.core.ApplicationFilterChain.internalDoFilter(ApplicationFilterChain.java:164)
	at org.apache.catalina.core.ApplicationFilterChain.doFilter(ApplicationFilterChain.java:140)
	at org.springframework.web.filter.RequestContextFilter.doFilterInternal(RequestContextFilter.java:100)
	at org.springframework.web.filter.OncePerRequestFilter.doFilter(OncePerRequestFilter.java:116)
	at org.apache.catalina.core.ApplicationFilterChain.internalDoFilter(ApplicationFilterChain.java:164)
	at org.apache.catalina.core.ApplicationFilterChain.doFilter(ApplicationFilterChain.java:140)
	at org.springframework.web.filter.FormContentFilter.doFilterInternal(FormContentFilter.java:93)
	at org.springframework.web.filter.OncePerRequestFilter.doFilter(OncePerRequestFilter.java:116)
	at org.apache.catalina.core.ApplicationFilterChain.internalDoFilter(ApplicationFilterChain.java:164)
	at org.apache.catalina.core.ApplicationFilterChain.doFilter(ApplicationFilterChain.java:140)
	at org.springframework.web.filter.CharacterEncodingFilter.doFilterInternal(CharacterEncodingFilter.java:201)
	at org.springframework.web.filter.OncePerRequestFilter.doFilter(OncePerRequestFilter.java:116)
	at org.apache.catalina.core.ApplicationFilterChain.internalDoFilter(ApplicationFilterChain.java:164)
	at org.apache.catalina.core.ApplicationFilterChain.doFilter(ApplicationFilterChain.java:140)
	at org.apache.catalina.core.StandardWrapperValve.invoke(StandardWrapperValve.java:167)
	at org.apache.catalina.core.StandardContextValve.invoke(StandardContextValve.java:90)
	at org.apache.catalina.authenticator.AuthenticatorBase.invoke(AuthenticatorBase.java:483)
	at org.apache.catalina.core.StandardHostValve.invoke(StandardHostValve.java:115)
	at org.apache.catalina.valves.ErrorReportValve.invoke(ErrorReportValve.java:93)
	at org.apache.catalina.core.StandardEngineValve.invoke(StandardEngineValve.java:74)
	at org.apache.catalina.connector.CoyoteAdapter.service(CoyoteAdapter.java:344)
	at org.apache.coyote.http11.Http11Processor.service(Http11Processor.java:384)
	at org.apache.coyote.AbstractProcessorLight.process(AbstractProcessorLight.java:63)
	at org.apache.coyote.AbstractProtocol$ConnectionHandler.process(AbstractProtocol.java:905)
	at org.apache.tomcat.util.net.NioEndpoint$SocketProcessor.doRun(NioEndpoint.java:1741)
	at org.apache.tomcat.util.net.SocketProcessorBase.run(SocketProcessorBase.java:52)
	at org.apache.tomcat.util.threads.ThreadPoolExecutor.runWorker(ThreadPoolExecutor.java:1190)
	at org.apache.tomcat.util.threads.ThreadPoolExecutor$Worker.run(ThreadPoolExecutor.java:659)
	at org.apache.tomcat.util.threads.TaskThread$WrappingRunnable.run(TaskThread.java:63)
	at java.base/java.lang.Thread.run(Thread.java:1583)
04:49:52:665 [http-nio-8080-exec-7] ERROR l.i.g.controller.StaffController - Failed to save staff: StaffDTO(staffId=S002, firstName=vihanga, lastName=gaganatharu, designation=Farm scientist, gender=MALE, joinedDate=2024-12-07, dateOfBirth=2000-05-06, addressLine1=No,123, addressLine2=Main, addressLine3=Street, addressLine4=Florida, addressLine5=USA, mobile=0762357995, email=vgj@gmail.com, role=MANAGER, vehicleId=V002)
04:50:30:336 [http-nio-8080-exec-10] ERROR l.i.g.controller.StaffController - Failed to update staff: StaffDTO(staffId=null, firstName=Kavi, lastName=gagana, designation=Farm scientist, gender=MALE, joinedDate=null, dateOfBirth=2000-05-06, addressLine1=No,123, addressLine2=Main, addressLine3=Street, addressLine4=Florida, addressLine5=USA, mobile=0762357995, email=vgj@gmail.com, role=MANAGER, vehicleId=V002)
04:51:58:050 [http-nio-8080-exec-2] INFO  l.i.g.controller.AuthController - User signed in successfully: SignIn(email=kavindu1125@gmail.com, password=12345)
04:53:43:314 [http-nio-8080-exec-3] ERROR l.i.g.controller.FieldController - Failed to save field: Wheat
04:54:31:867 [http-nio-8080-exec-9] INFO  l.i.g.controller.FieldController - Field saved successfully: Wheat
04:57:53:468 [http-nio-8080-exec-6] INFO  l.i.g.controller.AuthController - User signed in successfully: SignIn(email=kavindu1125@gmail.com, password=12345)
